<?xml version="1.0" encoding="UTF-8"?>
<testsuite name="UserTest" tests="1" time="0.000560122" failures="0" errors="0" skipped="0" assertions="1" timestamp="2015-03-10T14:05:28+00:00">
  <testcase name="test_full_name" time="0.000381889" assertions="1">
  </testcase>
</testsuite>
