<?xml version="1.0" encoding="UTF-8"?>
<testsuite name="TestSubtracter" tests="2" time="0.015177213" failures="1" errors="0" skipped="0" assertions="2" timestamp="2015-03-10T14:05:28+00:00">
  <testcase name="test_fail" time="0.014403658" assertions="1">
    <failure type="Test::Unit::AssertionFailedError" message="&lt;true&gt; expected but was...">
&lt;true&gt; expected but was
&lt;false&gt;. (Test::Unit::AssertionFailedError)
/vagrant/testunit_app/test/test_subtracter.rb:18:in `test_fail'    </failure>
  </testcase>
  <testcase name="test_subtract" time="0.000513748" assertions="1">
  </testcase>
</testsuite>
