<?xml version="1.0" encoding="UTF-8"?>
<testsuite name="TestAdder" tests="1" time="0.000557049" failures="0" errors="0" skipped="0" assertions="1" timestamp="2015-03-10T14:05:28+00:00">
  <testcase name="test_add" time="0.000388035" assertions="1">
  </testcase>
</testsuite>
